<?xml version="1.0" encoding="UTF-8"?>
<!-- Generated by org.testng.reporters.JUnitReportReporter -->
<testsuite hostname="ACSWDF004563" failures="0" tests="16" name="org.project.Test_Cases" time="249.140" errors="0" timestamp="2023-05-30T12:26:07 CEST" skipped="0">
  <testcase classname="org.project.Test_Cases" name="postprocessing_RePostingCancelledSalesOrder_Testing" time="35.735"/>
  <testcase classname="org.project.Test_Cases" name="openDataCollationPage_Testing" time="64.913"/>
  <testcase classname="org.project.Test_Cases" name="finalize_ProcessingOfSalesOrder_Testing" time="12.895"/>
  <testcase classname="org.project.Test_Cases" name="fill_in_NewItemFields_Testing" time="0.059"/>
  <testcase classname="org.project.Test_Cases" name="fill_in_RightPartOfTableForOtherDocument_Testing" time="3.940"/>
  <testcase classname="org.project.Test_Cases" name="postprocessing_ReverseSalesOrder_Testing" time="6.937"/>
  <testcase classname="org.project.Test_Cases" name="fill_in_ItemCategory_Testing" time="13.648"/>
  <testcase classname="org.project.Test_Cases" name="postprocessing_ComparePostedAndCancelledSalesOrder_Testing" time="35.126"/>
  <testcase classname="org.project.Test_Cases" name="fill_in_NewItemFieldsForNewDocument_Testing" time="2.118"/>
  <testcase classname="org.project.Test_Cases" name="finalize_ProcessingOfSalesOrderForOtherDocument_Testing" time="10.545"/>
  <testcase classname="org.project.Test_Cases" name="fill_in_ItemCategoryForNewDocument_Testing" time="13.568"/>
  <testcase classname="org.project.Test_Cases" name="add_NewItemRow_Testing" time="1.429"/>
  <testcase classname="org.project.Test_Cases" name="postprocessing_ComparePostedAndCancelledSalesOrderForOtherDocument_Testing" time="18.986"/>
  <testcase classname="org.project.Test_Cases" name="add_NewItemRowForNewDocument_Testing" time="1.741"/>
  <testcase classname="org.project.Test_Cases" name="fill_in_RightPartOfTable_Testing" time="24.168"/>
  <testcase classname="org.project.Test_Cases" name="postprocessing_Read_StockTransportOrderNumber_Testing" time="3.332"/>
</testsuite> <!-- org.project.Test_Cases -->
